<?xml version="1.0" encoding="UTF-8"?>
<!-- Generated by org.testng.reporters.JUnitXMLReporter -->
<testsuite hostname="DESKTOP-0IC4D8N" ignored="0" name="Default test" tests="3" failures="0" timestamp="11 Jan 2021 04:38:03 GMT" time="100.843" errors="0">
  <testcase name="UserCanRegisterSuccssfully" time="29.208" classname="com.cbautomate.tests.SnatchBotTests"/>
  <testcase name="userCanConfigureChatBot" time="21.506" classname="com.cbautomate.tests.SnatchBotTests"/>
  <testcase name="chatBotFunctionAndAssertionMethod" time="33.931" classname="com.cbautomate.tests.SnatchBotTests"/>
</testsuite> <!-- Default test -->
